0 info it worked if it ends with ok
1 verbose cli [ '/home/terickson/.nvm/versions/node/v6.2.2/bin/node',
1 verbose cli   '/home/terickson/.nvm/versions/node/v6.2.2/bin/npm',
1 verbose cli   'run',
1 verbose cli   'test' ]
2 info using npm@3.9.5
3 info using node@v6.2.2
4 verbose run-script [ 'pretest', 'test', 'posttest' ]
5 info lifecycle node-todo-api@1.0.0~pretest: node-todo-api@1.0.0
6 silly lifecycle node-todo-api@1.0.0~pretest: no script for pretest, continuing
7 info lifecycle node-todo-api@1.0.0~test: node-todo-api@1.0.0
8 verbose lifecycle node-todo-api@1.0.0~test: unsafe-perm in lifecycle true
9 verbose lifecycle node-todo-api@1.0.0~test: PATH: /home/terickson/.nvm/versions/node/v6.2.2/lib/node_modules/npm/bin/node-gyp-bin:/home/terickson/udemy/node-todo-api/node_modules/.bin:/home/terickson/.nvm/versions/node/v6.2.2/bin:/home/terickson/.nvm/versions/node/v6.2.2/bin:/home/terickson/.cargo/bin:/home/terickson/bin:/home/terickson/.local/bin:/usr/local/sbin:/usr/local/bin:/usr/sbin:/usr/bin:/sbin:/bin:/usr/games:/usr/local/games:/snap/bin
10 verbose lifecycle node-todo-api@1.0.0~test: CWD: /home/terickson/udemy/node-todo-api
11 silly lifecycle node-todo-api@1.0.0~test: Args: [ '-c',
11 silly lifecycle   'export NODE_ENV=test || SET "NODE_ENV=test" && mocha server/**/*.test.js' ]
12 silly lifecycle node-todo-api@1.0.0~test: Returned: code: 1  signal: null
13 info lifecycle node-todo-api@1.0.0~test: Failed to exec test script
14 verbose stack Error: node-todo-api@1.0.0 test: `export NODE_ENV=test || SET "NODE_ENV=test" && mocha server/**/*.test.js`
14 verbose stack Exit status 1
14 verbose stack     at EventEmitter.<anonymous> (/home/terickson/.nvm/versions/node/v6.2.2/lib/node_modules/npm/lib/utils/lifecycle.js:245:16)
14 verbose stack     at emitTwo (events.js:106:13)
14 verbose stack     at EventEmitter.emit (events.js:191:7)
14 verbose stack     at ChildProcess.<anonymous> (/home/terickson/.nvm/versions/node/v6.2.2/lib/node_modules/npm/lib/utils/spawn.js:24:14)
14 verbose stack     at emitTwo (events.js:106:13)
14 verbose stack     at ChildProcess.emit (events.js:191:7)
14 verbose stack     at maybeClose (internal/child_process.js:852:16)
14 verbose stack     at Process.ChildProcess._handle.onexit (internal/child_process.js:215:5)
15 verbose pkgid node-todo-api@1.0.0
16 verbose cwd /home/terickson/udemy/node-todo-api
17 error Linux 4.7.0-040700rc3-generic
18 error argv "/home/terickson/.nvm/versions/node/v6.2.2/bin/node" "/home/terickson/.nvm/versions/node/v6.2.2/bin/npm" "run" "test"
19 error node v6.2.2
20 error npm  v3.9.5
21 error code ELIFECYCLE
22 error node-todo-api@1.0.0 test: `export NODE_ENV=test || SET "NODE_ENV=test" && mocha server/**/*.test.js`
22 error Exit status 1
23 error Failed at the node-todo-api@1.0.0 test script 'export NODE_ENV=test || SET "NODE_ENV=test" && mocha server/**/*.test.js'.
23 error Make sure you have the latest version of node.js and npm installed.
23 error If you do, this is most likely a problem with the node-todo-api package,
23 error not with npm itself.
23 error Tell the author that this fails on your system:
23 error     export NODE_ENV=test || SET "NODE_ENV=test" && mocha server/**/*.test.js
23 error You can get information on how to open an issue for this project with:
23 error     npm bugs node-todo-api
23 error Or if that isn't available, you can get their info via:
23 error     npm owner ls node-todo-api
23 error There is likely additional logging output above.
24 verbose exit [ 1, true ]
